starting task 
using 4 CPUs
Mon Apr 17 21:38:00 EDT 2023
Distance epsilon: 0.001
Distance epsilon: 0.001
Distance epsilon: 0.012
Distance epsilon: 0.012
Distance epsilon: 0.023000000000000003
Distance epsilon: 0.023000000000000003
Distance epsilon: 0.034
Distance epsilon: 0.034
Distance epsilon: 0.045000000000000005
Distance epsilon: 0.045000000000000005
Distance epsilon: 0.05600000000000001
Distance epsilon: 0.05600000000000001
Distance epsilon: 0.067
Distance epsilon: 0.067
Distance epsilon: 0.07800000000000001
Distance epsilon: 0.07800000000000001
Distance epsilon: 0.08900000000000001
Distance epsilon: 0.08900000000000001
Distance epsilon: 0.1
Distance epsilon: 0.1
Finish Run
end time is Mon Apr 17 21:38:21 EDT 2023
